Flow report for mips_multi
Mon Dec 10 22:56:32 2018
Quartus II 64-Bit Version 13.0.0 Build 156 04/24/2013 SJ Web Edition


---------------------
; Table of Contents ;
---------------------
  1. Legal Notice
  2. Flow Summary
  3. Flow Settings
  4. Flow Non-Default Global Settings
  5. Flow Elapsed Time
  6. Flow OS Summary
  7. Flow Log
  8. Flow Messages
  9. Flow Suppressed Messages



----------------
; Legal Notice ;
----------------
Copyright (C) 1991-2013 Altera Corporation
Your use of Altera Corporation's design tools, logic functions 
and other software and tools, and its AMPP partner logic 
functions, and any output files from any of the foregoing 
(including device programming or simulation files), and any 
associated documentation or information are expressly subject 
to the terms and conditions of the Altera Program License 
Subscription Agreement, Altera MegaCore Function License 
Agreement, or other applicable license agreement, including, 
without limitation, that your use is for the sole purpose of 
programming logic devices manufactured by Altera and sold by 
Altera or its authorized distributors.  Please refer to the 
applicable agreement for further details.



+---------------------------------------------------------------------------------+
; Flow Summary                                                                    ;
+------------------------------------+--------------------------------------------+
; Flow Status                        ; Successful - Mon Dec 10 22:56:32 2018      ;
; Quartus II 64-Bit Version          ; 13.0.0 Build 156 04/24/2013 SJ Web Edition ;
; Revision Name                      ; mips_multi                                 ;
; Top-level Entity Name              ; mips_multi                                 ;
; Family                             ; Cyclone IV GX                              ;
; Total logic elements               ; 1,301 / 21,280 ( 6 % )                     ;
;     Total combinational functions  ; 1,264 / 21,280 ( 6 % )                     ;
;     Dedicated logic registers      ; 359 / 21,280 ( 2 % )                       ;
; Total registers                    ; 359                                        ;
; Total pins                         ; 102 / 167 ( 61 % )                         ;
; Total virtual pins                 ; 0                                          ;
; Total memory bits                  ; 10,240 / 774,144 ( 1 % )                   ;
; Embedded Multiplier 9-bit elements ; 0 / 80 ( 0 % )                             ;
; Total GXB Receiver Channel PCS     ; 0 / 4 ( 0 % )                              ;
; Total GXB Receiver Channel PMA     ; 0 / 4 ( 0 % )                              ;
; Total GXB Transmitter Channel PCS  ; 0 / 4 ( 0 % )                              ;
; Total GXB Transmitter Channel PMA  ; 0 / 4 ( 0 % )                              ;
; Total PLLs                         ; 0 / 4 ( 0 % )                              ;
; Device                             ; EP4CGX22CF19C6                             ;
; Timing Models                      ; Final                                      ;
+------------------------------------+--------------------------------------------+


+-----------------------------------------+
; Flow Settings                           ;
+-------------------+---------------------+
; Option            ; Setting             ;
+-------------------+---------------------+
; Start date & time ; 12/10/2018 22:54:55 ;
; Main task         ; Compilation         ;
; Revision Name     ; mips_multi          ;
+-------------------+---------------------+


+----------------------------------------------------------------------------------------------------------------------+
; Flow Non-Default Global Settings                                                                                     ;
+-------------------------------------+---------------------------------+---------------+-------------+----------------+
; Assignment Name                     ; Value                           ; Default Value ; Entity Name ; Section Id     ;
+-------------------------------------+---------------------------------+---------------+-------------+----------------+
; COMPILER_SIGNATURE_ID               ; 237841983148726.154448969502405 ; --            ; --          ; --             ;
; EDA_OUTPUT_DATA_FORMAT              ; Vhdl                            ; --            ; --          ; eda_simulation ;
; EDA_SIMULATION_TOOL                 ; ModelSim-Altera (VHDL)          ; <None>        ; --          ; --             ;
; PARTITION_COLOR                     ; 16764057                        ; --            ; --          ; Top            ;
; PARTITION_FITTER_PRESERVATION_LEVEL ; PLACEMENT_AND_ROUTING           ; --            ; --          ; Top            ;
; PARTITION_NETLIST_TYPE              ; SOURCE                          ; --            ; --          ; Top            ;
; PROJECT_OUTPUT_DIRECTORY            ; output_files                    ; --            ; --          ; --             ;
+-------------------------------------+---------------------------------+---------------+-------------+----------------+


+-------------------------------------------------------------------------------------------------------------------------------+
; Flow Elapsed Time                                                                                                             ;
+---------------------------+--------------+-------------------------+---------------------+------------------------------------+
; Module Name               ; Elapsed Time ; Average Processors Used ; Peak Virtual Memory ; Total CPU Time (on all processors) ;
+---------------------------+--------------+-------------------------+---------------------+------------------------------------+
; Analysis & Synthesis      ; 00:00:14     ; 1.0                     ; 698 MB              ; 00:00:14                           ;
; Fitter                    ; 00:00:48     ; 1.0                     ; 889 MB              ; 00:00:43                           ;
; Assembler                 ; 00:00:03     ; 1.0                     ; 611 MB              ; 00:00:03                           ;
; TimeQuest Timing Analyzer ; 00:00:10     ; 1.0                     ; 601 MB              ; 00:00:09                           ;
; EDA Netlist Writer        ; 00:00:04     ; 1.0                     ; 871 MB              ; 00:00:04                           ;
; Total                     ; 00:01:19     ; --                      ; --                  ; 00:01:13                           ;
+---------------------------+--------------+-------------------------+---------------------+------------------------------------+


+---------------------------------------------------------------------------------------------+
; Flow OS Summary                                                                             ;
+---------------------------+------------------+----------------+------------+----------------+
; Module Name               ; Machine Hostname ; OS Name        ; OS Version ; Processor type ;
+---------------------------+------------------+----------------+------------+----------------+
; Analysis & Synthesis      ; helio-K46CA      ; Ubuntu 14.04.5 ; 14         ; x86_64         ;
; Fitter                    ; helio-K46CA      ; Ubuntu 14.04.5 ; 14         ; x86_64         ;
; Assembler                 ; helio-K46CA      ; Ubuntu 14.04.5 ; 14         ; x86_64         ;
; TimeQuest Timing Analyzer ; helio-K46CA      ; Ubuntu 14.04.5 ; 14         ; x86_64         ;
; EDA Netlist Writer        ; helio-K46CA      ; Ubuntu 14.04.5 ; 14         ; x86_64         ;
+---------------------------+------------------+----------------+------------+----------------+


------------
; Flow Log ;
------------
quartus_map --read_settings_files=on --write_settings_files=off mips_multi -c mips_multi
quartus_fit --read_settings_files=off --write_settings_files=off mips_multi -c mips_multi
quartus_asm --read_settings_files=off --write_settings_files=off mips_multi -c mips_multi
quartus_sta mips_multi -c mips_multi
quartus_eda --read_settings_files=off --write_settings_files=off mips_multi -c mips_multi



